[2026-02-05 09:21:17,711: WARNING/MainProcess]
Net Credit per lot : ₹154.20 × 1 lot(s) × 65 = ₹10,023
[2026-02-05 09:21:17,712: WARNING/MainProcess] Projected Daily Target (2.0% of estimated final margin × 0.98) : +₹2,231 (final margin ≈ ₹113,815)
[2026-02-05 09:21:17,712: WARNING/MainProcess]
================================================================================
[2026-02-05 09:21:18,210: WARNING/MainProcess] [2026-02-05 09:21:18] [INFO] Heartbeat saved to BotStatus
[2026-02-05 09:21:18,234: WARNING/MainProcess] [2026-02-05 09:21:18] [INFO] ENTRY WINDOW IS OPEN - attempting entry
[2026-02-05 09:21:18,237: WARNING/MainProcess] [2026-02-05 09:21:18] [INFO] === ENTER() FUNCTION CALLED === | {"exact_time": "09:21:18.237", "iso_time": "20
26-02-05T09:21:18.237446+05:30"}
[2026-02-05 09:21:18,742: WARNING/MainProcess] [2026-02-05 09:21:18] [INFO] Heartbeat saved to BotStatus
[2026-02-05 09:21:18,767: WARNING/MainProcess] [2026-02-05 09:21:18] [INFO] ENTRY WINDOW IS OPEN - attempting entry
[2026-02-05 09:21:18,770: WARNING/MainProcess] [2026-02-05 09:21:18] [INFO] === ENTER() FUNCTION CALLED === | {"exact_time": "09:21:18.770", "iso_time": "20
26-02-05T09:21:18.770623+05:30"}
[2026-02-05 09:21:19,730: WARNING/MainProcess] [2026-02-05 09:21:19] [INFO] Short CE found at exact target 25850 (premium 86.75)
[2026-02-05 09:21:20,155: WARNING/MainProcess] [2026-02-05 09:21:20] [INFO] Short PE found at exact target 25550 (premium 85.05)
[2026-02-05 09:21:20,245: WARNING/MainProcess] [2026-02-05 09:21:20] [INFO] Short CE found at exact target 25850 (premium 86.45)
[2026-02-05 09:21:20,670: WARNING/MainProcess] [2026-02-05 09:21:20] [INFO] Short PE found at exact target 25550 (premium 85.00)
Net Credit per lot : ₹154.20 × 1 lot(s) × 65 = ₹10,023
[2026-02-05 09:21:17,712: WARNING/MainProcess] Projected Daily Target (2.0% of estimated final margin × 0.98) : +₹2,231 (final margin ≈ ₹113,815)
[2026-02-05 09:21:17,712: WARNING/MainProcess]
================================================================================
[2026-02-05 09:21:18,210: WARNING/MainProcess] [2026-02-05 09:21:18] [INFO] Heartbeat saved to BotStatus
[2026-02-05 09:21:18,234: WARNING/MainProcess] [2026-02-05 09:21:18] [INFO] ENTRY WINDOW IS OPEN - attempting entry
[2026-02-05 09:21:18,237: WARNING/MainProcess] [2026-02-05 09:21:18] [INFO] === ENTER() FUNCTION CALLED === | {"exact_time": "09:21:18.237", "iso_time": "2026-02-05T09:21:18.237446+05:30"}
[2026-02-05 09:21:18,742: WARNING/MainProcess] [2026-02-05 09:21:18] [INFO] Heartbeat saved to BotStatus
[2026-02-05 09:21:18,767: WARNING/MainProcess] [2026-02-05 09:21:18] [INFO] ENTRY WINDOW IS OPEN - attempting entry
[2026-02-05 09:21:18,770: WARNING/MainProcess] [2026-02-05 09:21:18] [INFO] === ENTER() FUNCTION CALLED === | {"exact_time": "09:21:18.770", "iso_time": "2026-02-05T09:21:18.770623+05:30"}
[2026-02-05 09:21:19,730: WARNING/MainProcess] [2026-02-05 09:21:19] [INFO] Short CE found at exact target 25850 (premium 86.75)
[2026-02-05 09:21:20,155: WARNING/MainProcess] [2026-02-05 09:21:20] [INFO] Short PE found at exact target 25550 (premium 85.05)
[2026-02-05 09:21:20,245: WARNING/MainProcess] [2026-02-05 09:21:20] [INFO] Short CE found at exact target 25850 (premium 86.45)
[2026-02-05 09:21:20,670: WARNING/MainProcess] [2026-02-05 09:21:20] [INFO] Short PE found at exact target 25550 (premium 85.00)
[2026-02-05 09:21:39,999: WARNING/MainProcess] [2026-02-05 09:21:39] [INFO] Symmetric hedge selected | {"side": "CE", "common_target": 8.47, "strike": 26500, "actual": 8.65, "diff": 0.18}
[2026-02-05 09:21:40,447: WARNING/MainProcess] [2026-02-05 09:21:40] [INFO] Symmetric hedge selected | {"side": "CE", "common_target": 8.44, "strike": 26500, "actual": 8.65, "diff": 0.21}
[2026-02-05 09:22:00,887: WARNING/MainProcess] [2026-02-05 09:22:00] [INFO] Symmetric hedge selected | {"side": "PE", "common_target": 8.47, "strike": 24650, "actual": 8.25, "diff": -0.22}
[2026-02-05 09:22:01,194: WARNING/MainProcess] [2026-02-05 09:22:01] [INFO] Symmetric hedge selected | {"side": "PE", "common_target": 8.44, "strike": 24650, "actual": 8.25, "diff": -0.19}
[2026-02-05 09:22:02,960: WARNING/MainProcess] [2026-02-05 09:22:02] [INFO] TOTAL USABLE CAPITAL FOR LOT SIZING | {"live_balance": 152694, "cash_component": 152694, "collateral_component": 0, "total_usable_for_mis": 152694}
[2026-02-05 09:22:02,988: WARNING/MainProcess] [2026-02-05 09:22:02] [INFO] Margin API Success | {"initial_margin": 124909, "final_margin": 113720, "legs": 4}
[2026-02-05 09:22:02,991: WARNING/MainProcess] [2026-02-05 09:22:02] [INFO] Lot calculation | {"capital": 152694, "initial_margin": 124909, "calculated_lots_before_cap": 1, "user_hard_cap": 1, "final_lots": 1}
[2026-02-05 09:22:03,017: WARNING/MainProcess] [2026-02-05 09:22:03] [INFO] Margin API Success | {"initial_margin": 124909, "final_margin": 113719, "legs": 4}
[2026-02-05 09:22:03,056: WARNING/MainProcess] [2026-02-05 09:22:03] [INFO] TOTAL USABLE CAPITAL FOR LOT SIZING | {"live_balance": 152694, "cash_component": 152694, "collateral_component": 0, "total_usable_for_mis": 152694}
[2026-02-05 09:22:03,061: WARNING/MainProcess] [2026-02-05 09:22:03] [INFO] CAPITAL BEFORE ENTRY | {"available_\u20b9": 152694}
[2026-02-05 09:22:03,064: WARNING/MainProcess] [2026-02-05 09:22:03] [INFO] PLACING ORDER attempt 1/3 | {"symbol": "NIFTY2621024650PE", "side": "BUY", "qty": 65, "product": "MIS", "order_type": "MARKET"}
[2026-02-05 09:22:03,095: WARNING/MainProcess] [2026-02-05 09:22:03] [INFO] Order placed successfully - ID: 260205190162245
[2026-02-05 09:22:03,126: WARNING/MainProcess] [2026-02-05 09:22:03] [INFO] Order status: COMPLETE
[2026-02-05 09:22:03,133: WARNING/MainProcess] [2026-02-05 09:22:03] [INFO] Trade logged: BUY_NIFTY2621024650PE NIFTY2621024650PE 65 @ 8.4 | {"action": "BUY_NIFTY2621024650PE", "symbol": "NIFTY2621024650PE", "quantity": 65, "price": 8.4, "comment": "order_id:260205190162245"}
[2026-02-05 09:22:03,142: WARNING/MainProcess] [2026-02-05 09:22:03] [INFO] PLACING ORDER attempt 1/3 | {"symbol": "NIFTY2621026500CE", "side": "BUY", "qty": 65, "product": "MIS", "order_type": "MARKET"}
[2026-02-05 09:22:03,215: WARNING/MainProcess] [2026-02-05 09:22:03] [INFO] Order placed successfully - ID: 260205190162287
[2026-02-05 09:22:03,241: WARNING/MainProcess] [2026-02-05 09:22:03] [INFO] Order status: COMPLETE
[2026-02-05 09:22:03,247: WARNING/MainProcess] [2026-02-05 09:22:03] [INFO] Trade logged: BUY_NIFTY2621026500CE NIFTY2621026500CE 65 @ 8.6 | {"action": "BUY_NIFTY2621026500CE", "symbol": "NIFTY2621026500CE", "quantity": 65, "price": 8.6, "comment": "order_id:260205190162287"}
[2026-02-05 09:22:03,256: WARNING/MainProcess] [2026-02-05 09:22:03] [INFO] PLACING ORDER attempt 1/3 | {"symbol": "NIFTY2621025550PE", "side": "SELL", "qty": 65, "product": "MIS", "order_type": "MARKET"}
[2026-02-05 09:22:03,282: WARNING/MainProcess] [2026-02-05 09:22:03] [INFO] TOTAL USABLE CAPITAL FOR LOT SIZING | {"live_balance": 151588, "cash_component": 152694, "collateral_component": 0, "total_usable_for_mis": 151588}
[2026-02-05 09:22:03,286: WARNING/MainProcess] [2026-02-05 09:22:03] [INFO] Order placed successfully - ID: 260205190162310
[2026-02-05 09:22:03,312: WARNING/MainProcess] [2026-02-05 09:22:03] [INFO] Margin API Success | {"initial_margin": 100354, "final_margin": 89216, "legs": 4}
[2026-02-05 09:22:03,316: WARNING/MainProcess] [2026-02-05 09:22:03] [INFO] Lot calculation | {"capital": 151588, "initial_margin": 100354, "calculated_lots_before_cap": 1, "user_hard_cap": 1, "final_lots": 1}
[2026-02-05 09:22:03,321: WARNING/MainProcess] [2026-02-05 09:22:03] [INFO] Order status: COMPLETE
[2026-02-05 09:22:03,329: WARNING/MainProcess] [2026-02-05 09:22:03] [INFO] Trade logged: SELL_NIFTY2621025550PE NIFTY2621025550PE -65 @ 85.7 | {"action": "SELL_NIFTY2621025550PE", "symbol": "NIFTY2621025550PE", "quantity": -65, "price": 85.7, "comment": "order_id:260205190162310"}
[2026-02-05 09:22:03,339: WARNING/MainProcess] [2026-02-05 09:22:03] [INFO] PLACING ORDER attempt 1/3 | {"symbol": "NIFTY2621025850CE", "side": "SELL", "qty": 65, "product": "MIS", "order_type": "MARKET"}
[2026-02-05 09:22:03,367: WARNING/MainProcess] [2026-02-05 09:22:03] [INFO] Margin API Success | {"initial_margin": 149468, "final_margin": 113773, "legs": 4}
[2026-02-05 09:22:03,372: WARNING/MainProcess] [2026-02-05 09:22:03] [INFO] Order placed successfully - ID: 260205190162323
[2026-02-05 09:22:03,399: WARNING/MainProcess] [2026-02-05 09:22:03] [INFO] TOTAL USABLE CAPITAL FOR LOT SIZING | {"live_balance": 38901, "cash_component": 152694, "collateral_component": 0, "total_usable_for_mis": 38901}
[2026-02-05 09:22:03,403: WARNING/MainProcess] [2026-02-05 09:22:03] [INFO] CAPITAL BEFORE ENTRY | {"available_\u20b9": 38901}
[2026-02-05 09:22:03,407: WARNING/MainProcess] [2026-02-05 09:22:03] [INFO] PLACING ORDER attempt 1/3 | {"symbol": "NIFTY2621024650PE", "side": "BUY", "qty": 65, "product": "MIS", "order_type": "MARKET"}
[2026-02-05 09:22:03,411: WARNING/MainProcess] [2026-02-05 09:22:03] [INFO] Order status: COMPLETE
[2026-02-05 09:22:03,417: WARNING/MainProcess] [2026-02-05 09:22:03] [INFO] Trade logged: SELL_NIFTY2621025850CE NIFTY2621025850CE -65 @ 85.45 | {"action": "SELL_NIFTY2621025850CE", "symbol": "NIFTY2621025850CE", "quantity": -65, "price": 85.45, "comment": "order_id:260205190162323"}
[2026-02-05 09:22:03,452: WARNING/MainProcess] [2026-02-05 09:22:03] [INFO] Order placed successfully - ID: 260205190162337
[2026-02-05 09:22:03,479: WARNING/MainProcess] [2026-02-05 09:22:03] [INFO] Order status: COMPLETE
[2026-02-05 09:22:03,486: WARNING/MainProcess] [2026-02-05 09:22:03] [ERROR] Order placement failed for NIFTY2621024650PE (BUY) attempt 1 | {"error": "UNIQUE constraint failed: trading_trade.trade_id", "trace": "Traceback (most recent call last):\n  File \"/root/web/venv/lib/python3.12/site-packages/django/db/backends/utils.py\", line 89, in _execute\n    return self.cursor.execute(sql, params)\n           ^^^^^^^^^^^^^^^^^^^^^^^^^^^^^^^^\n  File \"/root/web/venv/lib/python3.12/site-packages/django/db/backends/sqlite3/base.py\", line 328, in execute\n    return super().execute(query, params)\n   
^^^^^^^^^^^^^^^^^\nsqlite3.IntegrityError: UNIQUE constraint failed: trading_trade.trade_id\n\nThe above exception was the direct cause of the following exception:\n\nTraceback (most recent call last):\n  File \"/root/web/niftybot/trading/core/bot_original.py\", line 594, in order\n    self.logger.trade(f\"{side}_{symbol}\", symbol, qty if side==\"BUY\" else -qty, filled_price, f\"order_id:{order_id}\")\n  File \"/root/web/niftybot/trading/core/bot_original.py\", line 134, in trade\n    Trade.objects.create(\n  File \"/root/web/venv/lib/python3.12/site-packages/django/db/models/manager.py\", line 87, in manager_method\n    return getattr(self.get_queryset(), name)(*args, **kwargs)\n           ^^^^^^^^^^^^^^^^^^^^^^^^^^^^^^^^^^^^^^^^^^^^^^^^^^^\n  File \"/root/web/venv/lib/python3.12/site-packages/django/db/models/query.py\", line 660, in create\n    obj.save(force_insert=True, using=self.db)\n  File \"/root/web/venv/lib/python3.12/site-packages/django/db/models/base.py\", line 814, in save\n    self.save_base(\n  File \"/root/web/venv/lib/python3.12/site-packages/django/db/models/base.py\", line 877, in save_base\n    updated = self._save_table(\n              ^^^^^^^^^^^^^^^^^\n  File \"/root/web/venv/lib/python3.12/site-packages/django/db/models/base.py\", line 1020, in _save_table\n    results = self._do_insert(\n              ^^^^^^^^^^^^^^^^\n  File \"/root/web/venv/lib/python3.12/site-packages/django/db/models/base.py\", line 1061, in _do_insert\n    return manager._insert(\n           ^^^^^^^^^^^^^^^^\n  File \"/root/web/venv/lib/python3.12/site-packages/django/db/models/manager.py\", line 87, in manager_method\n    return getattr(self.get_queryset(), name)(*args, **kwargs)\n           ^^^^^^^^^^^^^^^^^^^^^^^^^^^^^^^^^^^^^^^^^^^^^^^^^^^\n  File \"/root/web/venv/lib/python3.12/site-packages/django/db/models/query.py\", line 1810, in _insert\n    return query.get_compiler(using=using).execute_sql(returning_fields)\n           ^^^^^^^^^^^^^^^^^^^^^^^^^^^^^^^^^^^^^^^^^^^^^^^^^^^^^^^^^^^^^\n  File \"/root/web/venv/lib/python3.12/site-packages/django/db/models/sql/compiler.py\", line 1822, in execute_sql\n    cursor.execute(sql, params)\n  File \"/root/web/venv/lib/python3.12/site-packages/django/db/backends/utils.py\", line 102, in execute\n    return super().execute(sql, params)\n           ^^^^^^^^^^^^^^^^^^^^^^^^^^^^\n  File \"/root/web/venv/lib/python3.12/site-packages/django/db/backends/utils.py\", line 67, in execute\n    return self._execute_with_wrappers(\n           ^^^^^^^^^^^^^^^^^^^^^^^^^^^^\n  File \"/root/web/venv/lib/python3.12/site-packages/django/db/backends/utils.py\", line 80, in _execute_with_wrappers\n    return executor(sql, params, many, context)\n           ^^^^^^^^^^^^^^^^^^^^^^^^^^^^^^^^^^^^\n  File \"/root/web/venv/lib/python3.12/site-packages/django/db/backends/utils.py\", line 84, in _execute\n    with self.db.wrap_database_errors:\n  File \"/root/web/venv/lib/python3.12/site-packages/django/db/utils.py\", line 91, in __exit__\n    raise dj_exc_value.with_traceback(traceback) from exc_value\n  File \"/root/web/venv/lib/python3.12/site-packages/django/db/backends/utils.py\", line 89, in _execute\n    return self.cursor.execute(sql, params)\n           ^^^^^^^^^^^^^^^^^^^^^^^^^^^^^^^^\n  File \"/root/web/venv/lib/python3.12/site-packages/django/db/backends/sqlite3/base.py\", line 328, in execute\n    return super().execute(query, params)\n           ^^^^^^^^^^^^^^^^^^^^^^^^^^^^^^\ndjango.db.utils.IntegrityError: UNIQUE constraint failed: trading_trade.trade_id\n"}
[2026-02-05 09:22:05,491: WARNING/MainProcess] [2026-02-05 09:22:05] [INFO] PLACING ORDER attempt 2/3 | {"symbol": "NIFTY2621024650PE", "side": "BUY", "qty": 65, "product": "MIS", "order_type": "MARKET"}
[2026-02-05 09:22:05,520: WARNING/MainProcess] [2026-02-05 09:22:05] [INFO] Order placed successfully - ID: 260205190162786
[2026-02-05 09:22:05,551: WARNING/MainProcess] [2026-02-05 09:22:05] [INFO] Order status: COMPLETE
[2026-02-05 09:22:05,558: WARNING/MainProcess] [2026-02-05 09:22:05] [INFO] Trade logged: BUY_NIFTY2621024650PE NIFTY2621024650PE 65 @ 8.35 | {"action": "BUY_NIFTY2621024650PE", "symbol": "NIFTY2621024650PE", "quantity": 65, "price": 8.35, "comment": "order_id:260205190162786"}
[2026-02-05 09:22:05,567: WARNING/MainProcess] [2026-02-05 09:22:05] [INFO] PLACING ORDER attempt 1/3 | {"symbol": "NIFTY2621026500CE", "side": "BUY", "qty": 65, "product": "MIS", "order_type": "MARKET"}
[2026-02-05 09:22:05,592: WARNING/MainProcess] [2026-02-05 09:22:05] [INFO] Order placed successfully - ID: 260205190162799
[2026-02-05 09:22:05,617: WARNING/MainProcess] [2026-02-05 09:22:05] [INFO] Order status: COMPLETE
[2026-02-05 09:22:05,623: WARNING/MainProcess] [2026-02-05 09:22:05] [INFO] Trade logged: BUY_NIFTY2621026500CE NIFTY2621026500CE 65 @ 8.6 | {"action": "BUY_NIFTY2621026500CE", "symbol": "NIFTY2621026500CE", "quantity": 65, "price": 8.6, "comment": "order_id:260205190162799"}
[2026-02-05 09:22:05,631: WARNING/MainProcess] [2026-02-05 09:22:05] [INFO] PLACING ORDER attempt 1/3 | {"symbol": "NIFTY2621025550PE", "side": "SELL", "qty": 65, "product": "MIS", "order_type": "MARKET"}
[2026-02-05 09:22:05,660: WARNING/MainProcess] [2026-02-05 09:22:05] [INFO] Order placed successfully - ID: 260205190162811
[2026-02-05 09:22:05,684: WARNING/MainProcess] [2026-02-05 09:22:05] [INFO] Order status: REJECTED
[2026-02-05 09:22:05,688: WARNING/MainProcess] [2026-02-05 09:22:05] [CRITICAL] ORDER REJECTED for NIFTY2621025550PE - Reason: Insufficient funds. Required
margin is 182958.40 but available margin is 152693.50. Check orderbook for open orders.
[2026-02-05 09:22:05,691: WARNING/MainProcess] [2026-02-05 09:22:05] [ERROR] Order placement failed for NIFTY2621025550PE (SELL) attempt 1 | {"error": "Orde
r REJECTED: Insufficient funds. Required margin is 182958.40 but available margin is 152693.50. Check orderbook for open orders.", "trace": "Traceback (most
 recent call last):\n  File \"/root/web/niftybot/trading/core/bot_original.py\", line 601, in order\n    raise Exception(f\"Order {last_status}: {reason}\")
\nException: Order REJECTED: Insufficient funds. Required margin is 182958.40 but available margin is 152693.50. Check orderbook for open orders.\n"}
[2026-02-05 09:22:06,450: WARNING/MainProcess] [2026-02-05 09:22:06] [INFO] TOTAL USABLE CAPITAL FOR LOT SIZING | {"live_balance": 63310, "cash_component":
152694, "collateral_component": 0, "total_usable_for_mis": 63310}
[2026-02-05 09:22:07,478: WARNING/MainProcess] [2026-02-05 09:22:07] [INFO] TOTAL USABLE CAPITAL FOR LOT SIZING | {"live_balance": 63310, "cash_component":
152694, "collateral_component": 0, "total_usable_for_mis": 63310}
[2026-02-05 09:22:07,694: WARNING/MainProcess] [2026-02-05 09:22:07] [INFO] PLACING ORDER attempt 2/3 | {"symbol": "NIFTY2621025550PE", "side": "SELL", "qty
": 65, "product": "MIS", "order_type": "MARKET"}
[2026-02-05 09:22:07,722: WARNING/MainProcess] [2026-02-05 09:22:07] [INFO] Order placed successfully - ID: 260205190163315
[2026-02-05 09:22:07,746: WARNING/MainProcess] [2026-02-05 09:22:07] [INFO] Order status: REJECTED
[2026-02-05 09:22:07,750: WARNING/MainProcess] [2026-02-05 09:22:07] [CRITICAL] ORDER REJECTED for NIFTY2621025550PE - Reason: Insufficient funds. Required
margin is 182958.40 but available margin is 152693.50. Check orderbook for open orders.
[2026-02-05 09:22:07,754: WARNING/MainProcess] [2026-02-05 09:22:07] [ERROR] Order placement failed for NIFTY2621025550PE (SELL) attempt 2 | {"error": "Orde
r REJECTED: Insufficient funds. Required margin is 182958.40 but available margin is 152693.50. Check orderbook for open orders.", "trace": "Traceback (most
 recent call last):\n  File \"/root/web/niftybot/trading/core/bot_original.py\", line 601, in order\n    raise Exception(f\"Order {last_status}: {reason}\")
\nException: Order REJECTED: Insufficient funds. Required margin is 182958.40 but available margin is 152693.50. Check orderbook for open orders.\n"}
[2026-02-05 09:22:08,502: WARNING/MainProcess] [2026-02-05 09:22:08] [INFO] TOTAL USABLE CAPITAL FOR LOT SIZING | {"live_balance": 63310, "cash_component":
152694, "collateral_component": 0, "total_usable_for_mis": 63310}
[2026-02-05 09:22:09,536: WARNING/MainProcess] [2026-02-05 09:22:09] [INFO] TOTAL USABLE CAPITAL FOR LOT SIZING | {"live_balance": 63310, "cash_component":
152694, "collateral_component": 0, "total_usable_for_mis": 63310}
[2026-02-05 09:22:09,759: WARNING/MainProcess] [2026-02-05 09:22:09] [INFO] PLACING ORDER attempt 3/3 | {"symbol": "NIFTY2621025550PE", "side": "SELL", "qty
": 65, "product": "MIS", "order_type": "MARKET"}
[2026-02-05 09:22:09,791: WARNING/MainProcess] [2026-02-05 09:22:09] [INFO] Order placed successfully - ID: 260205190163709
[2026-02-05 09:22:09,815: WARNING/MainProcess] [2026-02-05 09:22:09] [INFO] Order status: REJECTED
[2026-02-05 09:22:09,819: WARNING/MainProcess] [2026-02-05 09:22:09] [CRITICAL] ORDER REJECTED for NIFTY2621025550PE - Reason: Insufficient funds. Required
margin is 182958.40 but available margin is 152693.50. Check orderbook for open orders.
[2026-02-05 09:22:09,822: WARNING/MainProcess] [2026-02-05 09:22:09] [ERROR] Order placement failed for NIFTY2621025550PE (SELL) attempt 3 | {"error": "Orde
r REJECTED: Insufficient funds. Required margin is 182958.40 but available margin is 152693.50. Check orderbook for open orders.", "trace": "Traceback (most
 recent call last):\n  File \"/root/web/niftybot/trading/core/bot_original.py\", line 601, in order\n    raise Exception(f\"Order {last_status}: {reason}\")
\nException: Order REJECTED: Insufficient funds. Required margin is 182958.40 but available margin is 152693.50. Check orderbook for open orders.\n"}
[2026-02-05 09:22:09,824: WARNING/MainProcess] [2026-02-05 09:22:09] [CRITICAL] FINAL FAILURE: Giving up on NIFTY2621025550PE after 3 attempts
[2026-02-05 09:22:09,827: WARNING/MainProcess] [2026-02-05 09:22:09] [INFO] PLACING ORDER attempt 1/3 | {"symbol": "NIFTY2621024650PE", "side": "SELL", "qty": 65, "product": "MIS", "order_type": "MARKET"}
[2026-02-05 09:22:09,855: WARNING/MainProcess] [2026-02-05 09:22:09] [INFO] Order placed successfully - ID: 260205190163722
[2026-02-05 09:22:09,882: WARNING/MainProcess] [2026-02-05 09:22:09] [INFO] Order status: COMPLETE
[2026-02-05 09:22:09,888: WARNING/MainProcess] [2026-02-05 09:22:09] [INFO] Trade logged: SELL_NIFTY2621024650PE NIFTY2621024650PE -65 @ 8.35 | {"action": 
SELL_NIFTY2621024650PE", "symbol": "NIFTY2621024650PE", "quantity": -65, "price": 8.35, "comment": "order_id:260205190163722"}
[2026-02-05 09:22:09,896: WARNING/MainProcess] [2026-02-05 09:22:09] [INFO] PLACING ORDER attempt 1/3 | {"symbol": "NIFTY2621026500CE", "side": "SELL", "qty": 65, "product": "MIS", "order_type": "MARKET"}
[2026-02-05 09:22:09,927: WARNING/MainProcess] [2026-02-05 09:22:09] [INFO] Order placed successfully - ID: 260205190163740
[2026-02-05 09:22:09,952: WARNING/MainProcess] [2026-02-05 09:22:09] [INFO] Order status: COMPLETE
[2026-02-05 09:22:09,958: WARNING/MainProcess] [2026-02-05 09:22:09] [INFO] Trade logged: SELL_NIFTY2621026500CE NIFTY2621026500CE -65 @ 8.5 | {"action": "SELL_NIFTY2621026500CE", "symbol": "NIFTY2621026500CE", "quantity": -65, "price": 8.5, "comment": "order_id:260205190163740"}
[2026-02-05 09:22:10,995: WARNING/MainProcess] [2026-02-05 09:22:10] [INFO] Heartbeat saved to BotStatus
[2026-02-05 09:22:15,564: WARNING/MainProcess] [2026-02-05 09:22:15] [INFO] Using FINAL_MARGIN for high VIX target calculation
[2026-02-05 09:22:15,567: WARNING/MainProcess] [2026-02-05 09:22:15] [INFO] High VIX mode - using 2.0% of final_margin | {"entry_vix": 12.29, "final_margin": 113719, "daily_target_before_98%": 2274}
[2026-02-05 09:22:15,570: WARNING/MainProcess] [2026-02-05 09:22:15] [INFO] Target adjusted to 98% of calculated | {"final_daily_target_\u20b9": 2206}
[2026-02-05 09:22:15,582: WARNING/MainProcess] [2026-02-05 09:22:15] [INFO] DAILY TARGET LOCKED - NO FURTHER CHANGES TODAY | {"target_\u20b9": 2206, "stop_loss_\u20b9": -2206, "saved_to_model": true}
[2026-02-05 09:22:15,585: WARNING/MainProcess]
================================================================================
[2026-02-05 09:22:15,585: WARNING/MainProcess] *** TRADE ENTERED SUCCESSFULLY | TODAY'S TARGET: +₹2,206 | STOP LOSS: -₹2,206 ***
[2026-02-05 09:22:15,586: WARNING/MainProcess] ================================================================================
[2026-02-05 09:22:15,586: WARNING/MainProcess] [2026-02-05 09:22:15] [INFO] BANNER: TRADE ENTERED SUCCESSFULLY | TODAY'S TARGET: +₹2,206 | STOP LOSS: -₹2,206
[2026-02-05 09:22:22,777: WARNING/MainProcess] [2026-02-05 09:22:22] [INFO] Heartbeat saved to BotStatus
[2026-02-05 09:22:32,072: WARNING/MainProcess] [2026-02-05 09:22:32] [INFO] HOURLY STATUS | {"unrealized_pnl_\u20b9": -26.0, "target_\u20b9": 2206, "actual_capital_blocked_\u20b9": 106077}
[2026-02-05 09:22:36,168: WARNING/MainProcess] [2026-02-05 09:22:36] [INFO] Live unrealized P&L | {"pnl_\u20b9": 48.75}
[2026-02-05 09:22:41,761: WARNING/MainProcess] [2026-02-05 09:22:41] [INFO] Heartbeat saved to BotStatus
[2026-02-05 09:22:46,432: WARNING/MainProcess] [2026-02-05 09:22:46] [INFO] Live unrealized P&L | {"pnl_\u20b9": 48.75}
[2026-02-05 09:22:56,696: WARNING/MainProcess] [2026-02-05 09:22:56] [INFO] Live unrealized P&L | {"pnl_\u20b9": 87.75}
[2026-02-05 09:23:01,826: WARNING/MainProcess] [2026-02-05 09:23:01] [INFO] Heartbeat saved to BotStatus
[2026-02-05 09:23:11,121: WARNING/MainProcess] [2026-02-05 09:23:11] [INFO] Live unrealized P&L | {"pnl_\u20b9": 97.5}
[2026-02-05 09:23:12,553: WARNING/MainProcess] [2026-02-05 09:23:12] [INFO] Heartbeat saved to BotStatus
[2026-02-05 09:23:21,391: WARNING/MainProcess] [2026-02-05 09:23:21] [INFO] Live unrealized P&L | {"pnl_\u20b9": -39.0}
[2026-02-05 09:23:31,643: WARNING/MainProcess] [2026-02-05 09:23:31] [INFO] Live unrealized P&L | {"pnl_\u20b9": -55.25}
[2026-02-05 09:23:36,775: WARNING/MainProcess] [2026-02-05 09:23:36] [INFO] Heartbeat saved to BotStatus
[2026-02-05 09:23:42,278: WARNING/MainProcess] [2026-02-05 09:23:42] [WARNING] LTP fetch failed for NIFTY2621026500CE | {"error": "Too many requests"}
[2026-02-05 09:23:43,337: WARNING/MainProcess] [2026-02-05 09:23:43] [INFO] Heartbeat saved to BotStatus
[2026-02-05 09:23:49,052: WARNING/MainProcess] [2026-02-05 09:23:49] [INFO] Live unrealized P&L | {"pnl_\u20b9": 0.0}
[2026-02-05 09:23:59,328: WARNING/MainProcess] [2026-02-05 09:23:59] [INFO] Live unrealized P&L | {"pnl_\u20b9": 22.75}
[2026-02-05 09:24:09,595: WARNING/MainProcess] [2026-02-05 09:24:09] [INFO] Live unrealized P&L | {"pnl_\u20b9": -22.75}
[2026-02-05 09:24:14,147: WARNING/MainProcess] [2026-02-05 09:24:14] [INFO] Heartbeat saved to BotStatus
[2026-02-05 09:24:14,736: WARNING/MainProcess] [2026-02-05 09:24:14] [INFO] Heartbeat saved to BotStatus
[2026-02-05 09:24:24,041: WARNING/MainProcess] [2026-02-05 09:24:24] [INFO] Live unrealized P&L | {"pnl_\u20b9": 61.75}